# JRE version: OpenJDK Runtime Environment (8.0_152-b02) (build 1.8.0_152-release-1024-b02)
# Java VM: OpenJDK 64-Bit Server VM (25.152-b02 mixed mode windows-amd64 compressed oops)
Heap:
 PSYoungGen      total 76288K, used 59783K [0x00000000e0000000, 0x00000000e5500000, 0x0000000100000000)
  eden space 65536K, 91% used [0x00000000e0000000,0x00000000e3a61ca0,0x00000000e4000000)
  from space 10752K, 0% used [0x00000000e4000000,0x00000000e4000000,0x00000000e4a80000)
  to   space 10752K, 0% used [0x00000000e4a80000,0x00000000e4a80000,0x00000000e5500000)
 ParOldGen       total 102912K, used 8523K [0x00000000a0000000, 0x00000000a6480000, 0x00000000e0000000)
  object space 102912K, 8% used [0x00000000a0000000,0x00000000a0852f48,0x00000000a6480000)
 Metaspace       used 26476K, capacity 27018K, committed 27136K, reserved 1073152K
  class space    used 3621K, capacity 3799K, committed 3840K, reserved 1048576K
GC Heap History (8 events):
Event: 6.381 GC heap before
{Heap before GC invocations=1 (full 0):
 PSYoungGen      total 76288K, used 65536K [0x00000000e0000000, 0x00000000e5500000, 0x0000000100000000)
  eden space 65536K, 100% used [0x00000000e0000000,0x00000000e4000000,0x00000000e4000000)
  from space 10752K, 0% used [0x00000000e4a80000,0x00000000e4a80000,0x00000000e5500000)
  to   space 10752K, 0% used [0x00000000e4000000,0x00000000e4000000,0x00000000e4a80000)
 ParOldGen       total 175104K, used 0K [0x00000000a0000000, 0x00000000aab00000, 0x00000000e0000000)
  object space 175104K, 0% used [0x00000000a0000000,0x00000000a0000000,0x00000000aab00000)
 Metaspace       used 10687K, capacity 11016K, committed 11264K, reserved 1058816K
  class space    used 1403K, capacity 1522K, committed 1536K, reserved 1048576K
Event: 6.406 GC heap after
Heap after GC invocations=1 (full 0):
 PSYoungGen      total 76288K, used 7613K [0x00000000e0000000, 0x00000000e5500000, 0x0000000100000000)
  eden space 65536K, 0% used [0x00000000e0000000,0x00000000e0000000,0x00000000e4000000)
  from space 10752K, 70% used [0x00000000e4000000,0x00000000e476f7c0,0x00000000e4a80000)
  to   space 10752K, 0% used [0x00000000e4a80000,0x00000000e4a80000,0x00000000e5500000)
 ParOldGen       total 175104K, used 16K [0x00000000a0000000, 0x00000000aab00000, 0x00000000e0000000)
  object space 175104K, 0% used [0x00000000a0000000,0x00000000a0004000,0x00000000aab00000)
 Metaspace       used 10687K, capacity 11016K, committed 11264K, reserved 1058816K
  class space    used 1403K, capacity 1522K, committed 1536K, reserved 1048576K
}
Event: 8.309 GC heap before
{Heap before GC invocations=2 (full 0):
 PSYoungGen      total 76288K, used 73149K [0x00000000e0000000, 0x00000000e5500000, 0x0000000100000000)
  eden space 65536K, 100% used [0x00000000e0000000,0x00000000e4000000,0x00000000e4000000)
  from space 10752K, 70% used [0x00000000e4000000,0x00000000e476f7c0,0x00000000e4a80000)
  to   space 10752K, 0% used [0x00000000e4a80000,0x00000000e4a80000,0x00000000e5500000)
 ParOldGen       total 175104K, used 16K [0x00000000a0000000, 0x00000000aab00000, 0x00000000e0000000)
  object space 175104K, 0% used [0x00000000a0000000,0x00000000a0004000,0x00000000aab00000)
 Metaspace       used 16931K, capacity 17358K, committed 17536K, reserved 1064960K
  class space    used 2437K, capacity 2579K, committed 2688K, reserved 1048576K
Event: 8.321 GC heap after
Heap after GC invocations=2 (full 0):
 PSYoungGen      total 76288K, used 10619K [0x00000000e0000000, 0x00000000e5500000, 0x0000000100000000)
  eden space 65536K, 0% used [0x00000000e0000000,0x00000000e0000000,0x00000000e4000000)
  from space 10752K, 98% used [0x00000000e4a80000,0x00000000e54ded60,0x00000000e5500000)
  to   space 10752K, 0% used [0x00000000e4000000,0x00000000e4000000,0x00000000e4a80000)
 ParOldGen       total 175104K, used 24K [0x00000000a0000000, 0x00000000aab00000, 0x00000000e0000000)
  object space 175104K, 0% used [0x00000000a0000000,0x00000000a0006000,0x00000000aab00000)
 Metaspace       used 16931K, capacity 17358K, committed 17536K, reserved 1064960K
  class space    used 2437K, capacity 2579K, committed 2688K, reserved 1048576K
}
Event: 9.486 GC heap before
{Heap before GC invocations=3 (full 0):
 PSYoungGen      total 76288K, used 30902K [0x00000000e0000000, 0x00000000e5500000, 0x0000000100000000)
  eden space 65536K, 30% used [0x00000000e0000000,0x00000000e13cecd0,0x00000000e4000000)
  from space 10752K, 98% used [0x00000000e4a80000,0x00000000e54ded60,0x00000000e5500000)
  to   space 10752K, 0% used [0x00000000e4000000,0x00000000e4000000,0x00000000e4a80000)
 ParOldGen       total 175104K, used 24K [0x00000000a0000000, 0x00000000aab00000, 0x00000000e0000000)
  object space 175104K, 0% used [0x00000000a0000000,0x00000000a0006000,0x00000000aab00000)
 Metaspace       used 20798K, capacity 21200K, committed 21248K, reserved 1067008K
  class space    used 2900K, capacity 3042K, committed 3072K, reserved 1048576K
Event: 9.509 GC heap after
Heap after GC invocations=3 (full 0):
 PSYoungGen      total 76288K, used 8783K [0x00000000e0000000, 0x00000000e5500000, 0x0000000100000000)
  eden space 65536K, 0% used [0x00000000e0000000,0x00000000e0000000,0x00000000e4000000)
  from space 10752K, 81% used [0x00000000e4000000,0x00000000e4893c80,0x00000000e4a80000)
  to   space 10752K, 0% used [0x00000000e4a80000,0x00000000e4a80000,0x00000000e5500000)
 ParOldGen       total 175104K, used 32K [0x00000000a0000000, 0x00000000aab00000, 0x00000000e0000000)
  object space 175104K, 0% used [0x00000000a0000000,0x00000000a0008000,0x00000000aab00000)
 Metaspace       used 20798K, capacity 21200K, committed 21248K, reserved 1067008K
  class space    used 2900K, capacity 3042K, committed 3072K, reserved 1048576K
}
Event: 9.509 GC heap before
{Heap before GC invocations=4 (full 1):
 PSYoungGen      total 76288K, used 8783K [0x00000000e0000000, 0x00000000e5500000, 0x0000000100000000)
  eden space 65536K, 0% used [0x00000000e0000000,0x00000000e0000000,0x00000000e4000000)
  from space 10752K, 81% used [0x00000000e4000000,0x00000000e4893c80,0x00000000e4a80000)
  to   space 10752K, 0% used [0x00000000e4a80000,0x00000000e4a80000,0x00000000e5500000)
 ParOldGen       total 175104K, used 32K [0x00000000a0000000, 0x00000000aab00000, 0x00000000e0000000)
  object space 175104K, 0% used [0x00000000a0000000,0x00000000a0008000,0x00000000aab00000)
 Metaspace       used 20798K, capacity 21200K, committed 21248K, reserved 1067008K
  class space    used 2900K, capacity 3042K, committed 3072K, reserved 1048576K
Event: 9.577 GC heap after
Heap after GC invocations=4 (full 1):
 PSYoungGen      total 76288K, used 0K [0x00000000e0000000, 0x00000000e5500000, 0x0000000100000000)
  eden space 65536K, 0% used [0x00000000e0000000,0x00000000e0000000,0x00000000e4000000)
  from space 10752K, 0% used [0x00000000e4000000,0x00000000e4000000,0x00000000e4a80000)
  to   space 10752K, 0% used [0x00000000e4a80000,0x00000000e4a80000,0x00000000e5500000)
 ParOldGen       total 102912K, used 8523K [0x00000000a0000000, 0x00000000a6480000, 0x00000000e0000000)
  object space 102912K, 8% used [0x00000000a0000000,0x00000000a0852f48,0x00000000a6480000)
 Metaspace       used 20798K, capacity 21200K, committed 21248K, reserved 1067008K
  class space    used 2900K, capacity 3042K, committed 3072K, reserved 1048576K
}

